<?xml version="1.0" encoding="UTF-8"?>
<!-- Generated by org.testng.reporters.JUnitXMLReporter -->
<testsuite hostname="LNLA0023" ignored="0" name="Default test" tests="4" failures="0" timestamp="05 Jul 2018 12:24:45 GMT" time="16.473" errors="0">
  <testcase name="InputDrop" time="0.556" classname="com.qait.tap.hristest.AutomationQAmaven.BingTest"/>
  <testcase name="OutputDrop" time="0.065" classname="com.qait.tap.hristest.AutomationQAmaven.BingTest"/>
  <testcase name="sendText" time="0.079" classname="com.qait.tap.hristest.AutomationQAmaven.BingTest"/>
  <testcase name="checkTranslation" time="10.046" classname="com.qait.tap.hristest.AutomationQAmaven.BingTest"/>
</testsuite> <!-- Default test -->
